<?xml version="1.0" encoding="utf-8" standalone="no"?>
<!--This file represents the results of running a test suite-->
<test-results name="C:\Users\Administrador\Documents\Visual Studio 2012\Projects\CombinaBinarios\TesteaCombinaBinarios\bin\Debug\TesteaCombinaBinarios.dll" total="2" errors="0" failures="0" not-run="0" inconclusive="0" ignored="0" skipped="0" invalid="0" date="2014-11-04" time="12:02:45">
  <environment nunit-version="2.6.3.13283" clr-version="2.0.50727.5477" os-version="Microsoft Windows NT 6.1.7601 Service Pack 1" platform="Win32NT" cwd="C:\Program Files (x86)\NUnit 2.6.3\bin" machine-name="SPXTIC3-PC" user="Administrador" user-domain="SPXTIC3-PC" />
  <culture-info current-culture="es-ES" current-uiculture="es-ES" />
  <test-suite type="Assembly" name="C:\Users\Administrador\Documents\Visual Studio 2012\Projects\CombinaBinarios\TesteaCombinaBinarios\bin\Debug\TesteaCombinaBinarios.dll" executed="True" result="Success" success="True" time="0.006" asserts="0">
    <results>
      <test-suite type="Namespace" name="TesteaCombinaBinarios" executed="True" result="Success" success="True" time="0.006" asserts="0">
        <results>
          <test-suite type="TestFixture" name="TesteaCombinacion" executed="True" result="Success" success="True" time="0.005" asserts="0">
            <results>
              <test-case name="TesteaCombinaBinarios.TesteaCombinacion.Combinaciones3" executed="True" result="Success" success="True" time="0.000" asserts="1" />
              <test-case name="TesteaCombinaBinarios.TesteaCombinacion.Combinaciones4" executed="True" result="Success" success="True" time="0.000" asserts="1" />
            </results>
          </test-suite>
        </results>
      </test-suite>
    </results>
  </test-suite>
</test-results>